# JRE version: OpenJDK Runtime Environment (8.0_265-b01) (build 1.8.0_265-8u265-b01-0ubuntu2~16.04-b01)
# Java VM: OpenJDK 64-Bit Server VM (25.265-b01 mixed mode linux-amd64 compressed oops)
Heap:
 PSYoungGen      total 36864K, used 1915K [0x00000000f5980000, 0x00000000f7f80000, 0x0000000100000000)
  eden space 34816K, 0% used [0x00000000f5980000,0x00000000f5980000,0x00000000f7b80000)
  from space 2048K, 93% used [0x00000000f7b80000,0x00000000f7d5ee18,0x00000000f7d80000)
  to   space 2048K, 0% used [0x00000000f7d80000,0x00000000f7d80000,0x00000000f7f80000)
 ParOldGen       total 22016K, used 2660K [0x00000000e0c00000, 0x00000000e2180000, 0x00000000f5980000)
  object space 22016K, 12% used [0x00000000e0c00000,0x00000000e0e993a8,0x00000000e2180000)
 Metaspace       used 4920K, capacity 5098K, committed 5248K, reserved 1056768K
  class space    used 530K, capacity 585K, committed 640K, reserved 1048576K
GC Heap History (10 events):
Event: 0.556 GC heap after
Heap after GC invocations=2 (full 0):
 PSYoungGen      total 9728K, used 1008K [0x00000000f5980000, 0x00000000f6c80000, 0x0000000100000000)
  eden space 8704K, 0% used [0x00000000f5980000,0x00000000f5980000,0x00000000f6200000)
  from space 1024K, 98% used [0x00000000f6300000,0x00000000f63fc010,0x00000000f6400000)
  to   space 1024K, 0% used [0x00000000f6200000,0x00000000f6200000,0x00000000f6300000)
 ParOldGen       total 22016K, used 752K [0x00000000e0c00000, 0x00000000e2180000, 0x00000000f5980000)
  object space 22016K, 3% used [0x00000000e0c00000,0x00000000e0cbc030,0x00000000e2180000)
 Metaspace       used 4836K, capacity 5034K, committed 5248K, reserved 1056768K
  class space    used 530K, capacity 585K, committed 640K, reserved 1048576K
}
Event: 0.589 GC heap before
{Heap before GC invocations=3 (full 0):
 PSYoungGen      total 9728K, used 9712K [0x00000000f5980000, 0x00000000f6c80000, 0x0000000100000000)
  eden space 8704K, 100% used [0x00000000f5980000,0x00000000f6200000,0x00000000f6200000)
  from space 1024K, 98% used [0x00000000f6300000,0x00000000f63fc010,0x00000000f6400000)
  to   space 1024K, 0% used [0x00000000f6200000,0x00000000f6200000,0x00000000f6300000)
 ParOldGen       total 22016K, used 752K [0x00000000e0c00000, 0x00000000e2180000, 0x00000000f5980000)
  object space 22016K, 3% used [0x00000000e0c00000,0x00000000e0cbc030,0x00000000e2180000)
 Metaspace       used 4844K, capacity 5034K, committed 5248K, reserved 1056768K
  class space    used 530K, capacity 585K, committed 640K, reserved 1048576K
Event: 0.591 GC heap after
Heap after GC invocations=3 (full 0):
 PSYoungGen      total 9728K, used 1024K [0x00000000f5980000, 0x00000000f6c80000, 0x0000000100000000)
  eden space 8704K, 0% used [0x00000000f5980000,0x00000000f5980000,0x00000000f6200000)
  from space 1024K, 100% used [0x00000000f6200000,0x00000000f6300000,0x00000000f6300000)
  to   space 1024K, 0% used [0x00000000f6b80000,0x00000000f6b80000,0x00000000f6c80000)
 ParOldGen       total 22016K, used 1048K [0x00000000e0c00000, 0x00000000e2180000, 0x00000000f5980000)
  object space 22016K, 4% used [0x00000000e0c00000,0x00000000e0d06030,0x00000000e2180000)
 Metaspace       used 4844K, capacity 5034K, committed 5248K, reserved 1056768K
  class space    used 530K, capacity 585K, committed 640K, reserved 1048576K
}
Event: 0.616 GC heap before
{Heap before GC invocations=4 (full 0):
 PSYoungGen      total 9728K, used 9728K [0x00000000f5980000, 0x00000000f6c80000, 0x0000000100000000)
  eden space 8704K, 100% used [0x00000000f5980000,0x00000000f6200000,0x00000000f6200000)
  from space 1024K, 100% used [0x00000000f6200000,0x00000000f6300000,0x00000000f6300000)
  to   space 1024K, 0% used [0x00000000f6b80000,0x00000000f6b80000,0x00000000f6c80000)
 ParOldGen       total 22016K, used 1048K [0x00000000e0c00000, 0x00000000e2180000, 0x00000000f5980000)
  object space 22016K, 4% used [0x00000000e0c00000,0x00000000e0d06030,0x00000000e2180000)
 Metaspace       used 4852K, capacity 5034K, committed 5248K, reserved 1056768K
  class space    used 530K, capacity 585K, committed 640K, reserved 1048576K
Event: 0.618 GC heap after
Heap after GC invocations=4 (full 0):
 PSYoungGen      total 18432K, used 996K [0x00000000f5980000, 0x00000000f6c80000, 0x0000000100000000)
  eden space 17408K, 0% used [0x00000000f5980000,0x00000000f5980000,0x00000000f6a80000)
  from space 1024K, 97% used [0x00000000f6b80000,0x00000000f6c79278,0x00000000f6c80000)
  to   space 1024K, 0% used [0x00000000f6a80000,0x00000000f6a80000,0x00000000f6b80000)
 ParOldGen       total 22016K, used 1472K [0x00000000e0c00000, 0x00000000e2180000, 0x00000000f5980000)
  object space 22016K, 6% used [0x00000000e0c00000,0x00000000e0d70030,0x00000000e2180000)
 Metaspace       used 4852K, capacity 5034K, committed 5248K, reserved 1056768K
  class space    used 530K, capacity 585K, committed 640K, reserved 1048576K
}
Event: 0.668 GC heap before
{Heap before GC invocations=5 (full 0):
 PSYoungGen      total 18432K, used 18404K [0x00000000f5980000, 0x00000000f6c80000, 0x0000000100000000)
  eden space 17408K, 100% used [0x00000000f5980000,0x00000000f6a80000,0x00000000f6a80000)
  from space 1024K, 97% used [0x00000000f6b80000,0x00000000f6c79278,0x00000000f6c80000)
  to   space 1024K, 0% used [0x00000000f6a80000,0x00000000f6a80000,0x00000000f6b80000)
 ParOldGen       total 22016K, used 1472K [0x00000000e0c00000, 0x00000000e2180000, 0x00000000f5980000)
  object space 22016K, 6% used [0x00000000e0c00000,0x00000000e0d70030,0x00000000e2180000)
 Metaspace       used 4871K, capacity 5034K, committed 5248K, reserved 1056768K
  class space    used 530K, capacity 585K, committed 640K, reserved 1048576K
Event: 0.670 GC heap after
Heap after GC invocations=5 (full 0):
 PSYoungGen      total 18432K, used 1010K [0x00000000f5980000, 0x00000000f7f80000, 0x0000000100000000)
  eden space 17408K, 0% used [0x00000000f5980000,0x00000000f5980000,0x00000000f6a80000)
  from space 1024K, 98% used [0x00000000f6a80000,0x00000000f6b7c970,0x00000000f6b80000)
  to   space 2048K, 0% used [0x00000000f7d80000,0x00000000f7d80000,0x00000000f7f80000)
 ParOldGen       total 22016K, used 1944K [0x00000000e0c00000, 0x00000000e2180000, 0x00000000f5980000)
  object space 22016K, 8% used [0x00000000e0c00000,0x00000000e0de6030,0x00000000e2180000)
 Metaspace       used 4871K, capacity 5034K, committed 5248K, reserved 1056768K
  class space    used 530K, capacity 585K, committed 640K, reserved 1048576K
}
Event: 0.725 GC heap before
{Heap before GC invocations=6 (full 0):
 PSYoungGen      total 18432K, used 18418K [0x00000000f5980000, 0x00000000f7f80000, 0x0000000100000000)
  eden space 17408K, 100% used [0x00000000f5980000,0x00000000f6a80000,0x00000000f6a80000)
  from space 1024K, 98% used [0x00000000f6a80000,0x00000000f6b7c970,0x00000000f6b80000)
  to   space 2048K, 0% used [0x00000000f7d80000,0x00000000f7d80000,0x00000000f7f80000)
 ParOldGen       total 22016K, used 1944K [0x00000000e0c00000, 0x00000000e2180000, 0x00000000f5980000)
  object space 22016K, 8% used [0x00000000e0c00000,0x00000000e0de6030,0x00000000e2180000)
 Metaspace       used 4891K, capacity 5098K, committed 5248K, reserved 1056768K
  class space    used 530K, capacity 585K, committed 640K, reserved 1048576K
Event: 0.727 GC heap after
Heap after GC invocations=6 (full 0):
 PSYoungGen      total 36864K, used 1426K [0x00000000f5980000, 0x00000000f7f80000, 0x0000000100000000)
  eden space 34816K, 0% used [0x00000000f5980000,0x00000000f5980000,0x00000000f7b80000)
  from space 2048K, 69% used [0x00000000f7d80000,0x00000000f7ee4970,0x00000000f7f80000)
  to   space 2048K, 0% used [0x00000000f7b80000,0x00000000f7b80000,0x00000000f7d80000)
 ParOldGen       total 22016K, used 1944K [0x00000000e0c00000, 0x00000000e2180000, 0x00000000f5980000)
  object space 22016K, 8% used [0x00000000e0c00000,0x00000000e0de6030,0x00000000e2180000)
 Metaspace       used 4891K, capacity 5098K, committed 5248K, reserved 1056768K
  class space    used 530K, capacity 585K, committed 640K, reserved 1048576K
}
Event: 0.925 GC heap before
{Heap before GC invocations=7 (full 0):
 PSYoungGen      total 36864K, used 36242K [0x00000000f5980000, 0x00000000f7f80000, 0x0000000100000000)
  eden space 34816K, 100% used [0x00000000f5980000,0x00000000f7b80000,0x00000000f7b80000)
  from space 2048K, 69% used [0x00000000f7d80000,0x00000000f7ee4970,0x00000000f7f80000)
  to   space 2048K, 0% used [0x00000000f7b80000,0x00000000f7b80000,0x00000000f7d80000)
 ParOldGen       total 22016K, used 1944K [0x00000000e0c00000, 0x00000000e2180000, 0x00000000f5980000)
  object space 22016K, 8% used [0x00000000e0c00000,0x00000000e0de6030,0x00000000e2180000)
 Metaspace       used 4920K, capacity 5098K, committed 5248K, reserved 1056768K
  class space    used 530K, capacity 585K, committed 640K, reserved 1048576K

