# JRE version: OpenJDK Runtime Environment (8.0_265-b01) (build 1.8.0_265-8u265-b01-0ubuntu2~16.04-b01)
# Java VM: OpenJDK 64-Bit Server VM (25.265-b01 mixed mode linux-amd64 compressed oops)
Heap:
 PSYoungGen      total 37376K, used 2528K [0x00000000f5980000, 0x00000000f8080000, 0x0000000100000000)
  eden space 34816K, 0% used [0x00000000f5980000,0x00000000f5980000,0x00000000f7b80000)
  from space 2560K, 98% used [0x00000000f7b80000,0x00000000f7df8010,0x00000000f7e00000)
  to   space 2560K, 0% used [0x00000000f7e00000,0x00000000f7e00000,0x00000000f8080000)
 ParOldGen       total 22016K, used 5889K [0x00000000e0c00000, 0x00000000e2180000, 0x00000000f5980000)
  object space 22016K, 26% used [0x00000000e0c00000,0x00000000e11c04d8,0x00000000e2180000)
 Metaspace       used 4934K, capacity 5098K, committed 5248K, reserved 1056768K
  class space    used 530K, capacity 585K, committed 640K, reserved 1048576K
GC Heap History (10 events):
Event: 0.573 GC heap after
Heap after GC invocations=2 (full 0):
 PSYoungGen      total 9728K, used 1008K [0x00000000f5980000, 0x00000000f6c80000, 0x0000000100000000)
  eden space 8704K, 0% used [0x00000000f5980000,0x00000000f5980000,0x00000000f6200000)
  from space 1024K, 98% used [0x00000000f6300000,0x00000000f63fc020,0x00000000f6400000)
  to   space 1024K, 0% used [0x00000000f6200000,0x00000000f6200000,0x00000000f6300000)
 ParOldGen       total 22016K, used 1395K [0x00000000e0c00000, 0x00000000e2180000, 0x00000000f5980000)
  object space 22016K, 6% used [0x00000000e0c00000,0x00000000e0d5cd30,0x00000000e2180000)
 Metaspace       used 4851K, capacity 5034K, committed 5248K, reserved 1056768K
  class space    used 530K, capacity 585K, committed 640K, reserved 1048576K
}
Event: 0.600 GC heap before
{Heap before GC invocations=3 (full 0):
 PSYoungGen      total 9728K, used 9712K [0x00000000f5980000, 0x00000000f6c80000, 0x0000000100000000)
  eden space 8704K, 100% used [0x00000000f5980000,0x00000000f6200000,0x00000000f6200000)
  from space 1024K, 98% used [0x00000000f6300000,0x00000000f63fc020,0x00000000f6400000)
  to   space 1024K, 0% used [0x00000000f6200000,0x00000000f6200000,0x00000000f6300000)
 ParOldGen       total 22016K, used 1395K [0x00000000e0c00000, 0x00000000e2180000, 0x00000000f5980000)
  object space 22016K, 6% used [0x00000000e0c00000,0x00000000e0d5cd30,0x00000000e2180000)
 Metaspace       used 4859K, capacity 5034K, committed 5248K, reserved 1056768K
  class space    used 530K, capacity 585K, committed 640K, reserved 1048576K
Event: 0.603 GC heap after
Heap after GC invocations=3 (full 0):
 PSYoungGen      total 9728K, used 992K [0x00000000f5980000, 0x00000000f6c80000, 0x0000000100000000)
  eden space 8704K, 0% used [0x00000000f5980000,0x00000000f5980000,0x00000000f6200000)
  from space 1024K, 96% used [0x00000000f6200000,0x00000000f62f8010,0x00000000f6300000)
  to   space 1024K, 0% used [0x00000000f6b80000,0x00000000f6b80000,0x00000000f6c80000)
 ParOldGen       total 22016K, used 2226K [0x00000000e0c00000, 0x00000000e2180000, 0x00000000f5980000)
  object space 22016K, 10% used [0x00000000e0c00000,0x00000000e0e2c908,0x00000000e2180000)
 Metaspace       used 4859K, capacity 5034K, committed 5248K, reserved 1056768K
  class space    used 530K, capacity 585K, committed 640K, reserved 1048576K
}
Event: 0.626 GC heap before
{Heap before GC invocations=4 (full 0):
 PSYoungGen      total 9728K, used 9696K [0x00000000f5980000, 0x00000000f6c80000, 0x0000000100000000)
  eden space 8704K, 100% used [0x00000000f5980000,0x00000000f6200000,0x00000000f6200000)
  from space 1024K, 96% used [0x00000000f6200000,0x00000000f62f8010,0x00000000f6300000)
  to   space 1024K, 0% used [0x00000000f6b80000,0x00000000f6b80000,0x00000000f6c80000)
 ParOldGen       total 22016K, used 2226K [0x00000000e0c00000, 0x00000000e2180000, 0x00000000f5980000)
  object space 22016K, 10% used [0x00000000e0c00000,0x00000000e0e2c908,0x00000000e2180000)
 Metaspace       used 4865K, capacity 5034K, committed 5248K, reserved 1056768K
  class space    used 530K, capacity 585K, committed 640K, reserved 1048576K
Event: 0.629 GC heap after
Heap after GC invocations=4 (full 0):
 PSYoungGen      total 18432K, used 992K [0x00000000f5980000, 0x00000000f6c80000, 0x0000000100000000)
  eden space 17408K, 0% used [0x00000000f5980000,0x00000000f5980000,0x00000000f6a80000)
  from space 1024K, 96% used [0x00000000f6b80000,0x00000000f6c78010,0x00000000f6c80000)
  to   space 1024K, 0% used [0x00000000f6a80000,0x00000000f6a80000,0x00000000f6b80000)
 ParOldGen       total 22016K, used 3029K [0x00000000e0c00000, 0x00000000e2180000, 0x00000000f5980000)
  object space 22016K, 13% used [0x00000000e0c00000,0x00000000e0ef5478,0x00000000e2180000)
 Metaspace       used 4865K, capacity 5034K, committed 5248K, reserved 1056768K
  class space    used 530K, capacity 585K, committed 640K, reserved 1048576K
}
Event: 0.678 GC heap before
{Heap before GC invocations=5 (full 0):
 PSYoungGen      total 18432K, used 18400K [0x00000000f5980000, 0x00000000f6c80000, 0x0000000100000000)
  eden space 17408K, 100% used [0x00000000f5980000,0x00000000f6a80000,0x00000000f6a80000)
  from space 1024K, 96% used [0x00000000f6b80000,0x00000000f6c78010,0x00000000f6c80000)
  to   space 1024K, 0% used [0x00000000f6a80000,0x00000000f6a80000,0x00000000f6b80000)
 ParOldGen       total 22016K, used 3029K [0x00000000e0c00000, 0x00000000e2180000, 0x00000000f5980000)
  object space 22016K, 13% used [0x00000000e0c00000,0x00000000e0ef5478,0x00000000e2180000)
 Metaspace       used 4885K, capacity 5034K, committed 5248K, reserved 1056768K
  class space    used 530K, capacity 585K, committed 640K, reserved 1048576K
Event: 0.682 GC heap after
Heap after GC invocations=5 (full 0):
 PSYoungGen      total 18432K, used 1024K [0x00000000f5980000, 0x00000000f8080000, 0x0000000100000000)
  eden space 17408K, 0% used [0x00000000f5980000,0x00000000f5980000,0x00000000f6a80000)
  from space 1024K, 100% used [0x00000000f6a80000,0x00000000f6b80000,0x00000000f6b80000)
  to   space 2560K, 0% used [0x00000000f7e00000,0x00000000f7e00000,0x00000000f8080000)
 ParOldGen       total 22016K, used 4113K [0x00000000e0c00000, 0x00000000e2180000, 0x00000000f5980000)
  object space 22016K, 18% used [0x00000000e0c00000,0x00000000e10044a8,0x00000000e2180000)
 Metaspace       used 4885K, capacity 5034K, committed 5248K, reserved 1056768K
  class space    used 530K, capacity 585K, committed 640K, reserved 1048576K
}
Event: 0.753 GC heap before
{Heap before GC invocations=6 (full 0):
 PSYoungGen      total 18432K, used 18432K [0x00000000f5980000, 0x00000000f8080000, 0x0000000100000000)
  eden space 17408K, 100% used [0x00000000f5980000,0x00000000f6a80000,0x00000000f6a80000)
  from space 1024K, 100% used [0x00000000f6a80000,0x00000000f6b80000,0x00000000f6b80000)
  to   space 2560K, 0% used [0x00000000f7e00000,0x00000000f7e00000,0x00000000f8080000)
 ParOldGen       total 22016K, used 4113K [0x00000000e0c00000, 0x00000000e2180000, 0x00000000f5980000)
  object space 22016K, 18% used [0x00000000e0c00000,0x00000000e10044a8,0x00000000e2180000)
 Metaspace       used 4907K, capacity 5098K, committed 5248K, reserved 1056768K
  class space    used 530K, capacity 585K, committed 640K, reserved 1048576K
Event: 0.755 GC heap after
Heap after GC invocations=6 (full 0):
 PSYoungGen      total 37376K, used 1984K [0x00000000f5980000, 0x00000000f8080000, 0x0000000100000000)
  eden space 34816K, 0% used [0x00000000f5980000,0x00000000f5980000,0x00000000f7b80000)
  from space 2560K, 77% used [0x00000000f7e00000,0x00000000f7ff0000,0x00000000f8080000)
  to   space 2560K, 0% used [0x00000000f7b80000,0x00000000f7b80000,0x00000000f7e00000)
 ParOldGen       total 22016K, used 4121K [0x00000000e0c00000, 0x00000000e2180000, 0x00000000f5980000)
  object space 22016K, 18% used [0x00000000e0c00000,0x00000000e10064a8,0x00000000e2180000)
 Metaspace       used 4907K, capacity 5098K, committed 5248K, reserved 1056768K
  class space    used 530K, capacity 585K, committed 640K, reserved 1048576K
}
Event: 1.621 GC heap before
{Heap before GC invocations=7 (full 0):
 PSYoungGen      total 37376K, used 36800K [0x00000000f5980000, 0x00000000f8080000, 0x0000000100000000)
  eden space 34816K, 100% used [0x00000000f5980000,0x00000000f7b80000,0x00000000f7b80000)
  from space 2560K, 77% used [0x00000000f7e00000,0x00000000f7ff0000,0x00000000f8080000)
  to   space 2560K, 0% used [0x00000000f7b80000,0x00000000f7b80000,0x00000000f7e00000)
 ParOldGen       total 22016K, used 4121K [0x00000000e0c00000, 0x00000000e2180000, 0x00000000f5980000)
  object space 22016K, 18% used [0x00000000e0c00000,0x00000000e10064a8,0x00000000e2180000)
 Metaspace       used 4934K, capacity 5098K, committed 5248K, reserved 1056768K
  class space    used 530K, capacity 585K, committed 640K, reserved 1048576K

